<?xml version="1.0" encoding="UTF-8"?>
<testsuite xmlns:xsi="http://www.w3.org/2001/XMLSchema-instance" xsi:noNamespaceSchemaLocation="https://maven.apache.org/surefire/maven-surefire-plugin/xsd/surefire-test-report-3.0.xsd" version="3.0" name="br.ufg.inf.backend.StpDourados.StpDouradosApplicationTests" time="4.755" tests="1" errors="0" skipped="0" failures="0">
  <properties>
[...]
</properties>
  <testcase name="contextLoads" classname="br.ufg.inf.backend.StpDourados.StpDouradosApplicationTests" time="0.41">
    <system-out><![CDATA[00:21:08.466 [main] INFO org.springframework.test.context.support.AnnotationConfigContextLoaderUtils -- Could not detect default configuration classes for test class [br.ufg.inf.backend.StpDourados.StpDouradosApplicationTests]: StpDouradosApplicationTests does not declare any static, non-private, non-final, nested classes annotated with @Configuration.
00:21:08.592 [main] INFO org.springframework.boot.test.context.SpringBootTestContextBootstrapper -- Found @SpringBootConfiguration br.ufg.inf.backend.StpDourados.StpDouradosApplication for test class br.ufg.inf.backend.StpDourados.StpDouradosApplicationTests
00:21:08.759 [main] INFO org.springframework.boot.devtools.restart.RestartApplicationListener -- Restart disabled due to context in which it is running

  .   ____          _            __ _ _
 /\\ / ___'_ __ _ _(_)_ __  __ _ \ \ \ \
( ( )\___ | '_ | '_| | '_ \/ _` | \ \ \ \
 \\/  ___)| |_)| | | | | || (_| |  ) ) ) )
  '  |____| .__|_| |_|_| |_\__, | / / / /
 =========|_|==============|___/=/_/_/_/

 :: Spring Boot ::                (v3.3.1)

2024-07-04T00:21:08.978-03:00  INFO 12132 --- [StpDourados] [           main] b.u.i.b.S.StpDouradosApplicationTests    : Starting StpDouradosApplicationTests using Java 21.0.3 with PID 12132 (started by devs in /home/devs/Documents/Projetos_pos/StpDourados)
2024-07-04T00:21:08.980-03:00  INFO 12132 --- [StpDourados] [           main] b.u.i.b.S.StpDouradosApplicationTests    : No active profile set, falling back to 1 default profile: "default"
2024-07-04T00:21:09.555-03:00  INFO 12132 --- [StpDourados] [           main] .s.d.r.c.RepositoryConfigurationDelegate : Bootstrapping Spring Data JPA repositories in DEFAULT mode.
2024-07-04T00:21:09.630-03:00  INFO 12132 --- [StpDourados] [           main] .s.d.r.c.RepositoryConfigurationDelegate : Finished Spring Data repository scanning in 68 ms. Found 10 JPA repository interfaces.
2024-07-04T00:21:10.091-03:00  INFO 12132 --- [StpDourados] [           main] o.hibernate.jpa.internal.util.LogHelper  : HHH000204: Processing PersistenceUnitInfo [name: default]
2024-07-04T00:21:10.137-03:00  INFO 12132 --- [StpDourados] [           main] org.hibernate.Version                    : HHH000412: Hibernate ORM core version 6.5.2.Final
2024-07-04T00:21:10.162-03:00  INFO 12132 --- [StpDourados] [           main] o.h.c.internal.RegionFactoryInitiator    : HHH000026: Second-level cache disabled
2024-07-04T00:21:10.395-03:00  INFO 12132 --- [StpDourados] [           main] o.s.o.j.p.SpringPersistenceUnitInfo      : No LoadTimeWeaver setup: ignoring JPA class transformer
2024-07-04T00:21:10.425-03:00  INFO 12132 --- [StpDourados] [           main] com.zaxxer.hikari.HikariDataSource       : HikariPool-1 - Starting...
2024-07-04T00:21:10.750-03:00  INFO 12132 --- [StpDourados] [           main] com.zaxxer.hikari.pool.HikariPool        : HikariPool-1 - Added connection org.postgresql.jdbc.PgConnection@6d8b7ea9
2024-07-04T00:21:10.752-03:00  INFO 12132 --- [StpDourados] [           main] com.zaxxer.hikari.HikariDataSource       : HikariPool-1 - Start completed.
2024-07-04T00:21:11.626-03:00  INFO 12132 --- [StpDourados] [           main] o.h.e.t.j.p.i.JtaPlatformInitiator       : HHH000489: No JTA platform available (set 'hibernate.transaction.jta.platform' to enable JTA platform integration)
Hibernate: create table documento_transferencia (id bigint generated by default as identity, primary key (id))
Hibernate: create table documento_transferencia_drogas_administradas (documento_transferencia_id bigint not null, drogas_administradas_id bigint not null)
Hibernate: create table documento_transferencia_procedimentos_acondicionamento (documento_transferencia_id bigint not null, procedimentos_acondicionamento varchar(255))
Hibernate: create table documento_transferencia_procedimentos_recebimento (documento_transferencia_id bigint not null, procedimentos_recebimento varchar(255))
Hibernate: create table endereco (id bigint generated by default as identity, bairro varchar(255), cep varchar(255), cidade varchar(255), complemento varchar(255), estado varchar(255), rua varchar(255), primary key (id))
Hibernate: create table especialidade (id bigint generated by default as identity, descricao varchar(255), nome varchar(255), primary key (id))
Hibernate: create table medicamento (id bigint generated by default as identity, descricao varchar(255), nome varchar(255), principio_ativo varchar(255), primary key (id))
Hibernate: create table medicamento_prescrito (id bigint generated by default as identity, dosagem float(53), posologia varchar(255), unidade_dosagem varchar(255), via_administracao varchar(255), medicamento_id bigint, primary key (id))
Hibernate: create table medico (id bigint generated by default as identity, crm varchar(255), nome varchar(255), papel varchar(255), telefone varchar(255), especialidade_id bigint, unidade_hospitalar_id bigint, primary key (id))
Hibernate: create table paciente (id bigint generated by default as identity, contato_emergencia varchar(255), cpf varchar(255), data_nascimento timestamp(6), email varchar(255), nome varchar(255), telefone varchar(255), endereco_id bigint, primary key (id))
Hibernate: create table solicitacao (id bigint generated by default as identity, horario_solicitacao timestamp(6), motivo varchar(255), documento_id bigint, medico_id bigint, paciente_id bigint, primary key (id))
Hibernate: create table solicitacao_especialidades_requisitadas (solicitacao_id bigint not null, especialidades_requisitadas_id bigint not null)
Hibernate: create table transferencia (id bigint generated by default as identity, distancia float(53), horario_previsto_chegada timestamp(6), horario_saida timestamp(6), meio_transporte varchar(255), destino_id bigint, documento_id bigint, medico_destino_id bigint, medico_origem_id bigint, medico_regulador_id bigint, origem_id bigint, paciente_id bigint, solicitacao_id bigint, primary key (id))
Hibernate: create table unidade_hospitalar (id bigint generated by default as identity, dados_pessoal varchar(255), disponibilidade_leitos integer, email varchar(255), latitude float(53), longitude float(53), telefone varchar(255), temuti boolean not null, endereco_id bigint, primary key (id))
Hibernate: create table unidade_hospitalar_especialidades (unidade_hospitalar_id bigint not null, especialidades_id bigint not null)
Hibernate: alter table if exists documento_transferencia_drogas_administradas drop constraint if exists UKmw6w6sgrsu1m3gau6mts31wjf
2024-07-04T00:21:11.757-03:00  WARN 12132 --- [StpDourados] [           main] o.h.engine.jdbc.spi.SqlExceptionHelper   : SQL Warning Code: 0, SQLState: 00000
2024-07-04T00:21:11.758-03:00  WARN 12132 --- [StpDourados] [           main] o.h.engine.jdbc.spi.SqlExceptionHelper   : constraint "ukmw6w6sgrsu1m3gau6mts31wjf" of relation "documento_transferencia_drogas_administradas" does not exist, skipping
Hibernate: alter table if exists documento_transferencia_drogas_administradas add constraint UKmw6w6sgrsu1m3gau6mts31wjf unique (drogas_administradas_id)
Hibernate: alter table if exists paciente drop constraint if exists UKt03xff2qg2dnq4vd538qt9vsc
2024-07-04T00:21:11.764-03:00  WARN 12132 --- [StpDourados] [           main] o.h.engine.jdbc.spi.SqlExceptionHelper   : SQL Warning Code: 0, SQLState: 00000
2024-07-04T00:21:11.765-03:00  WARN 12132 --- [StpDourados] [           main] o.h.engine.jdbc.spi.SqlExceptionHelper   : constraint "ukt03xff2qg2dnq4vd538qt9vsc" of relation "paciente" does not exist, skipping
Hibernate: alter table if exists paciente add constraint UKt03xff2qg2dnq4vd538qt9vsc unique (endereco_id)
Hibernate: alter table if exists unidade_hospitalar drop constraint if exists UK5lw3gb2br1v00ev7mp7pet5ob
2024-07-04T00:21:11.770-03:00  WARN 12132 --- [StpDourados] [           main] o.h.engine.jdbc.spi.SqlExceptionHelper   : SQL Warning Code: 0, SQLState: 00000
2024-07-04T00:21:11.770-03:00  WARN 12132 --- [StpDourados] [           main] o.h.engine.jdbc.spi.SqlExceptionHelper   : constraint "uk5lw3gb2br1v00ev7mp7pet5ob" of relation "unidade_hospitalar" does not exist, skipping
Hibernate: alter table if exists unidade_hospitalar add constraint UK5lw3gb2br1v00ev7mp7pet5ob unique (endereco_id)
Hibernate: alter table if exists documento_transferencia_drogas_administradas add constraint FKiwdqdld1tffo1jrr3yn5pccyn foreign key (drogas_administradas_id) references medicamento_prescrito
Hibernate: alter table if exists documento_transferencia_drogas_administradas add constraint FK7ahhn9mpvm2pe0xjgiklplg7w foreign key (documento_transferencia_id) references documento_transferencia
Hibernate: alter table if exists documento_transferencia_procedimentos_acondicionamento add constraint FK2bgaqgab0lqxyi4gw5xxxpj77 foreign key (documento_transferencia_id) references documento_transferencia
Hibernate: alter table if exists documento_transferencia_procedimentos_recebimento add constraint FKq3c61aij0kt1aj48ikbernmc7 foreign key (documento_transferencia_id) references documento_transferencia
Hibernate: alter table if exists medicamento_prescrito add constraint FKqfpkj2sxtkx2uy6pnkk6ymqyw foreign key (medicamento_id) references medicamento
Hibernate: alter table if exists medico add constraint FKm4iro8s8g0v1rxsgrkb10ya27 foreign key (especialidade_id) references especialidade
Hibernate: alter table if exists medico add constraint FKa38dmbx2nluc8fuh8dfw0ngf1 foreign key (unidade_hospitalar_id) references unidade_hospitalar
Hibernate: alter table if exists paciente add constraint FKpus64vtl67yxnw2kimogd7abx foreign key (endereco_id) references endereco
Hibernate: alter table if exists solicitacao add constraint FKkbh3bfkb2iiipiwfs2uld4obv foreign key (documento_id) references documento_transferencia
Hibernate: alter table if exists solicitacao add constraint FKnp7uaump8ry1me7er45vvus8c foreign key (medico_id) references medico
Hibernate: alter table if exists solicitacao add constraint FKmuvrw4451a9v0xh6u7xkdbf2l foreign key (paciente_id) references paciente
Hibernate: alter table if exists solicitacao_especialidades_requisitadas add constraint FKloolndesrmppuqre3c9mcev3l foreign key (especialidades_requisitadas_id) references especialidade
Hibernate: alter table if exists solicitacao_especialidades_requisitadas add constraint FKn2axu6m5ashicmy56wrie4ol8 foreign key (solicitacao_id) references solicitacao
Hibernate: alter table if exists transferencia add constraint FKpfpa4vsvrjts6fb57b55xyhut foreign key (destino_id) references unidade_hospitalar
Hibernate: alter table if exists transferencia add constraint FKmtraqakl5jmry5t19lux2jnxv foreign key (documento_id) references documento_transferencia
Hibernate: alter table if exists transferencia add constraint FKnoinduf39l9w4vsgw5dt7crwd foreign key (medico_destino_id) references medico
Hibernate: alter table if exists transferencia add constraint FKip2kreeti9mgf4tg4gyoxfvca foreign key (medico_origem_id) references medico
Hibernate: alter table if exists transferencia add constraint FKdwrwrvchihqq6o3muidu5yvmb foreign key (medico_regulador_id) references medico
Hibernate: alter table if exists transferencia add constraint FKkkvir0t3qtb9jas4rtqa8ukak foreign key (origem_id) references unidade_hospitalar
Hibernate: alter table if exists transferencia add constraint FK53oysk5w92lmi38mln25cpyu foreign key (paciente_id) references paciente
Hibernate: alter table if exists transferencia add constraint FKro0ju21k3dyjwvxlmnxqxp8o2 foreign key (solicitacao_id) references solicitacao
Hibernate: alter table if exists unidade_hospitalar add constraint FKmg2wlgd9xoh8o4g986pufo84m foreign key (endereco_id) references endereco
Hibernate: alter table if exists unidade_hospitalar_especialidades add constraint FK2mbimru33cu3y57frfpxpoeab foreign key (especialidades_id) references especialidade
Hibernate: alter table if exists unidade_hospitalar_especialidades add constraint FK5x97ljawo49nlceams0garlgu foreign key (unidade_hospitalar_id) references unidade_hospitalar
2024-07-04T00:21:11.837-03:00  INFO 12132 --- [StpDourados] [           main] j.LocalContainerEntityManagerFactoryBean : Initialized JPA EntityManagerFactory for persistence unit 'default'
2024-07-04T00:21:12.293-03:00  WARN 12132 --- [StpDourados] [           main] JpaBaseConfiguration$JpaWebConfiguration : spring.jpa.open-in-view is enabled by default. Therefore, database queries may be performed during view rendering. Explicitly configure spring.jpa.open-in-view to disable this warning
2024-07-04T00:21:12.637-03:00  INFO 12132 --- [StpDourados] [           main] b.u.i.b.S.StpDouradosApplicationTests    : Started StpDouradosApplicationTests in 3.89 seconds (process running for 4.828)
]]></system-out>
    <system-err><![CDATA[WARNING: A Java agent has been loaded dynamically (/home/devs/.m2/repository/net/bytebuddy/byte-buddy-agent/1.14.17/byte-buddy-agent-1.14.17.jar)
WARNING: If a serviceability tool is in use, please run with -XX:+EnableDynamicAgentLoading to hide this warning
WARNING: If a serviceability tool is not in use, please run with -Djdk.instrument.traceUsage for more information
WARNING: Dynamic loading of agents will be disallowed by default in a future release
]]></system-err>
  </testcase>
</testsuite>